<?xml version="1.0" encoding="UTF-8"?>
<!-- Generated by org.testng.reporters.JUnitReportReporter -->
<testsuite hostname="IT049052102229" failures="0" tests="1" name="testcase.Wallet_Single_Ben" time="138.228" errors="0" timestamp="2024-07-31T15:32:14 BDT" skipped="0">
  <testcase classname="testcase.Wallet_Single_Ben" name="LoginTest" time="138.228"/>
</testsuite> <!-- testcase.Wallet_Single_Ben -->
