<?xml version="1.0" encoding="UTF-8"?>
<!-- Generated by org.testng.reporters.JUnitReportReporter -->
<testsuite hostname="IT049052102229" failures="0" tests="1" name="testcase.Wallet_Single_Ben" time="228.742" errors="0" timestamp="2024-08-04T11:15:57 BDT" skipped="0">
  <testcase classname="testcase.Wallet_Single_Ben" name="LoginTest" time="228.742"/>
</testsuite> <!-- testcase.Wallet_Single_Ben -->
